<?xml version="1.0" encoding="UTF-8"?>
<testsuite xmlns:xsi="http://www.w3.org/2001/XMLSchema-instance" xsi:noNamespaceSchemaLocation="https://maven.apache.org/surefire/maven-surefire-plugin/xsd/surefire-test-report.xsd" name="TestSuite" time="7.355" tests="3" errors="0" skipped="0" failures="0">
  <properties>
    <property name="gopherProxySet" value="false"/>
    <property name="awt.toolkit" value="sun.lwawt.macosx.LWCToolkit"/>
    <property name="java.specification.version" value="11"/>
    <property name="sun.cpu.isalist" value=""/>
    <property name="sun.jnu.encoding" value="UTF-8"/>
    <property name="java.class.path" value="/Users/azariasgelaye/Documents/API_Testing/Go_RestApi/gorest_apitesting/target/test-classes:/Users/azariasgelaye/Documents/API_Testing/Go_RestApi/gorest_apitesting/target/classes:/Users/azariasgelaye/.m2/repository/org/testng/testng/6.14.3/testng-6.14.3.jar:/Users/azariasgelaye/.m2/repository/com/beust/jcommander/1.72/jcommander-1.72.jar:/Users/azariasgelaye/.m2/repository/org/apache-extras/beanshell/bsh/2.0b6/bsh-2.0b6.jar:/Users/azariasgelaye/.m2/repository/io/rest-assured/rest-assured/4.3.0/rest-assured-4.3.0.jar:/Users/azariasgelaye/.m2/repository/org/codehaus/groovy/groovy/3.0.2/groovy-3.0.2.jar:/Users/azariasgelaye/.m2/repository/org/codehaus/groovy/groovy-xml/3.0.2/groovy-xml-3.0.2.jar:/Users/azariasgelaye/.m2/repository/org/apache/httpcomponents/httpclient/4.5.3/httpclient-4.5.3.jar:/Users/azariasgelaye/.m2/repository/org/apache/httpcomponents/httpcore/4.4.6/httpcore-4.4.6.jar:/Users/azariasgelaye/.m2/repository/commons-logging/commons-logging/1.2/commons-logging-1.2.jar:/Users/azariasgelaye/.m2/repository/commons-codec/commons-codec/1.9/commons-codec-1.9.jar:/Users/azariasgelaye/.m2/repository/org/apache/httpcomponents/httpmime/4.5.3/httpmime-4.5.3.jar:/Users/azariasgelaye/.m2/repository/org/hamcrest/hamcrest/2.1/hamcrest-2.1.jar:/Users/azariasgelaye/.m2/repository/org/ccil/cowan/tagsoup/tagsoup/1.2.1/tagsoup-1.2.1.jar:/Users/azariasgelaye/.m2/repository/io/rest-assured/json-path/4.3.0/json-path-4.3.0.jar:/Users/azariasgelaye/.m2/repository/org/codehaus/groovy/groovy-json/3.0.2/groovy-json-3.0.2.jar:/Users/azariasgelaye/.m2/repository/io/rest-assured/rest-assured-common/4.3.0/rest-assured-common-4.3.0.jar:/Users/azariasgelaye/.m2/repository/io/rest-assured/xml-path/4.3.0/xml-path-4.3.0.jar:/Users/azariasgelaye/.m2/repository/org/apache/commons/commons-lang3/3.4/commons-lang3-3.4.jar:/Users/azariasgelaye/.m2/repository/jakarta/xml/bind/jakarta.xml.bind-api/2.3.2/jakarta.xml.bind-api-2.3.2.jar:/Users/azariasgelaye/.m2/repository/jakarta/activation/jakarta.activation-api/1.2.1/jakarta.activation-api-1.2.1.jar:/Users/azariasgelaye/.m2/repository/com/sun/xml/bind/jaxb-osgi/2.3.0.1/jaxb-osgi-2.3.0.1.jar:/Users/azariasgelaye/.m2/repository/org/apache/sling/org.apache.sling.javax.activation/0.1.0/org.apache.sling.javax.activation-0.1.0.jar:/Users/azariasgelaye/.m2/repository/javax/activation/activation/1.1.1/activation-1.1.1.jar:/Users/azariasgelaye/.m2/repository/com/aventstack/extentreports/4.0.9/extentreports-4.0.9.jar:/Users/azariasgelaye/.m2/repository/org/freemarker/freemarker/2.3.23/freemarker-2.3.23.jar:/Users/azariasgelaye/.m2/repository/org/mongodb/mongodb-driver/3.3.0/mongodb-driver-3.3.0.jar:/Users/azariasgelaye/.m2/repository/org/mongodb/mongodb-driver-core/3.3.0/mongodb-driver-core-3.3.0.jar:/Users/azariasgelaye/.m2/repository/org/mongodb/bson/3.3.0/bson-3.3.0.jar:/Users/azariasgelaye/.m2/repository/com/google/code/gson/gson/2.8.5/gson-2.8.5.jar:"/>
    <property name="java.vm.vendor" value="AdoptOpenJDK"/>
    <property name="sun.arch.data.model" value="64"/>
    <property name="java.vendor.url" value="https://adoptopenjdk.net/"/>
    <property name="user.timezone" value=""/>
    <property name="java.vm.specification.version" value="11"/>
    <property name="os.name" value="Mac OS X"/>
    <property name="sun.java.launcher" value="SUN_STANDARD"/>
    <property name="user.country" value="US"/>
    <property name="sun.boot.library.path" value="/Library/Java/JavaVirtualMachines/adoptopenjdk-11.jdk/Contents/Home/lib"/>
    <property name="sun.java.command" value="/Users/azariasgelaye/Documents/API_Testing/Go_RestApi/gorest_apitesting/target/surefire/surefirebooter6324729463759073244.jar /Users/azariasgelaye/Documents/API_Testing/Go_RestApi/gorest_apitesting/target/surefire 2020-08-05T13-08-25_803-jvmRun1 surefire17845746238044603714tmp surefire_08246507985630171649tmp"/>
    <property name="jdk.debug" value="release"/>
    <property name="surefire.test.class.path" value="/Users/azariasgelaye/Documents/API_Testing/Go_RestApi/gorest_apitesting/target/test-classes:/Users/azariasgelaye/Documents/API_Testing/Go_RestApi/gorest_apitesting/target/classes:/Users/azariasgelaye/.m2/repository/org/testng/testng/6.14.3/testng-6.14.3.jar:/Users/azariasgelaye/.m2/repository/com/beust/jcommander/1.72/jcommander-1.72.jar:/Users/azariasgelaye/.m2/repository/org/apache-extras/beanshell/bsh/2.0b6/bsh-2.0b6.jar:/Users/azariasgelaye/.m2/repository/io/rest-assured/rest-assured/4.3.0/rest-assured-4.3.0.jar:/Users/azariasgelaye/.m2/repository/org/codehaus/groovy/groovy/3.0.2/groovy-3.0.2.jar:/Users/azariasgelaye/.m2/repository/org/codehaus/groovy/groovy-xml/3.0.2/groovy-xml-3.0.2.jar:/Users/azariasgelaye/.m2/repository/org/apache/httpcomponents/httpclient/4.5.3/httpclient-4.5.3.jar:/Users/azariasgelaye/.m2/repository/org/apache/httpcomponents/httpcore/4.4.6/httpcore-4.4.6.jar:/Users/azariasgelaye/.m2/repository/commons-logging/commons-logging/1.2/commons-logging-1.2.jar:/Users/azariasgelaye/.m2/repository/commons-codec/commons-codec/1.9/commons-codec-1.9.jar:/Users/azariasgelaye/.m2/repository/org/apache/httpcomponents/httpmime/4.5.3/httpmime-4.5.3.jar:/Users/azariasgelaye/.m2/repository/org/hamcrest/hamcrest/2.1/hamcrest-2.1.jar:/Users/azariasgelaye/.m2/repository/org/ccil/cowan/tagsoup/tagsoup/1.2.1/tagsoup-1.2.1.jar:/Users/azariasgelaye/.m2/repository/io/rest-assured/json-path/4.3.0/json-path-4.3.0.jar:/Users/azariasgelaye/.m2/repository/org/codehaus/groovy/groovy-json/3.0.2/groovy-json-3.0.2.jar:/Users/azariasgelaye/.m2/repository/io/rest-assured/rest-assured-common/4.3.0/rest-assured-common-4.3.0.jar:/Users/azariasgelaye/.m2/repository/io/rest-assured/xml-path/4.3.0/xml-path-4.3.0.jar:/Users/azariasgelaye/.m2/repository/org/apache/commons/commons-lang3/3.4/commons-lang3-3.4.jar:/Users/azariasgelaye/.m2/repository/jakarta/xml/bind/jakarta.xml.bind-api/2.3.2/jakarta.xml.bind-api-2.3.2.jar:/Users/azariasgelaye/.m2/repository/jakarta/activation/jakarta.activation-api/1.2.1/jakarta.activation-api-1.2.1.jar:/Users/azariasgelaye/.m2/repository/com/sun/xml/bind/jaxb-osgi/2.3.0.1/jaxb-osgi-2.3.0.1.jar:/Users/azariasgelaye/.m2/repository/org/apache/sling/org.apache.sling.javax.activation/0.1.0/org.apache.sling.javax.activation-0.1.0.jar:/Users/azariasgelaye/.m2/repository/javax/activation/activation/1.1.1/activation-1.1.1.jar:/Users/azariasgelaye/.m2/repository/com/aventstack/extentreports/4.0.9/extentreports-4.0.9.jar:/Users/azariasgelaye/.m2/repository/org/freemarker/freemarker/2.3.23/freemarker-2.3.23.jar:/Users/azariasgelaye/.m2/repository/org/mongodb/mongodb-driver/3.3.0/mongodb-driver-3.3.0.jar:/Users/azariasgelaye/.m2/repository/org/mongodb/mongodb-driver-core/3.3.0/mongodb-driver-core-3.3.0.jar:/Users/azariasgelaye/.m2/repository/org/mongodb/bson/3.3.0/bson-3.3.0.jar:/Users/azariasgelaye/.m2/repository/com/google/code/gson/gson/2.8.5/gson-2.8.5.jar:"/>
    <property name="sun.cpu.endian" value="little"/>
    <property name="user.home" value="/Users/azariasgelaye"/>
    <property name="user.language" value="en"/>
    <property name="java.specification.vendor" value="Oracle Corporation"/>
    <property name="java.version.date" value="2020-04-14"/>
    <property name="java.home" value="/Library/Java/JavaVirtualMachines/adoptopenjdk-11.jdk/Contents/Home"/>
    <property name="file.separator" value="/"/>
    <property name="basedir" value="/Users/azariasgelaye/Documents/API_Testing/Go_RestApi/gorest_apitesting"/>
    <property name="java.vm.compressedOopsMode" value="Zero based"/>
    <property name="line.separator" value="&#10;"/>
    <property name="java.specification.name" value="Java Platform API Specification"/>
    <property name="java.vm.specification.vendor" value="Oracle Corporation"/>
    <property name="java.awt.graphicsenv" value="sun.awt.CGraphicsEnvironment"/>
    <property name="surefire.real.class.path" value="/Users/azariasgelaye/Documents/API_Testing/Go_RestApi/gorest_apitesting/target/surefire/surefirebooter6324729463759073244.jar"/>
    <property name="sun.management.compiler" value="HotSpot 64-Bit Tiered Compilers"/>
    <property name="java.runtime.version" value="11.0.7+10"/>
    <property name="user.name" value="azariasgelaye"/>
    <property name="path.separator" value=":"/>
    <property name="os.version" value="10.15.6"/>
    <property name="java.runtime.name" value="OpenJDK Runtime Environment"/>
    <property name="file.encoding" value="UTF-8"/>
    <property name="java.vm.name" value="OpenJDK 64-Bit Server VM"/>
    <property name="java.vendor.version" value="AdoptOpenJDK"/>
    <property name="localRepository" value="/Users/azariasgelaye/.m2/repository"/>
    <property name="java.vendor.url.bug" value="https://github.com/AdoptOpenJDK/openjdk-support/issues"/>
    <property name="java.io.tmpdir" value="/var/folders/55/sh7s2tqs7m5_hjkt4pqvz_540000gn/T/"/>
    <property name="java.version" value="11.0.7"/>
    <property name="user.dir" value="/Users/azariasgelaye/Documents/API_Testing/Go_RestApi/gorest_apitesting"/>
    <property name="os.arch" value="x86_64"/>
    <property name="java.vm.specification.name" value="Java Virtual Machine Specification"/>
    <property name="java.awt.printerjob" value="sun.lwawt.macosx.CPrinterJob"/>
    <property name="sun.os.patch.level" value="unknown"/>
    <property name="java.library.path" value="/Users/azariasgelaye/Library/Java/Extensions:/Library/Java/Extensions:/Network/Library/Java/Extensions:/System/Library/Java/Extensions:/usr/lib/java:."/>
    <property name="java.vendor" value="AdoptOpenJDK"/>
    <property name="java.vm.info" value="mixed mode"/>
    <property name="java.vm.version" value="11.0.7+10"/>
    <property name="sun.io.unicode.encoding" value="UnicodeBig"/>
    <property name="java.class.version" value="55.0"/>
  </properties>
  <testcase name="testStatusCode" classname="com.gorest.api.UserApi.GetApi" time="3.357"/>
  <testcase name="testResponseData" classname="com.gorest.api.UserApi.GetApi" time="2.044"/>
  <testcase name="testValidUpdateRequest" classname="com.gorest.api.UserApi.PostUserAPI" time="1.463"/>
</testsuite>