<?xml version="1.0" encoding="UTF-8"?>
<!-- Generated by org.testng.reporters.JUnitReportReporter -->
<testsuite hostname="Azariass-MacBook-Pro.local" failures="0" tests="2" name="com.gorest.api.UserApi.PostUserAPI" time="1.453" errors="0" timestamp="05 Aug 2020 17:08:33 GMT" skipped="1">
  <testcase classname="com.gorest.api.UserApi.PostUserAPI" name="testValidUpdateRequest" time="1.453"/>
  <testcase classname="com.gorest.api.UserApi.PostUserAPI" name="testValidRequestBody">
    <skipped/>
  </testcase> <!-- testValidRequestBody -->
</testsuite> <!-- com.gorest.api.UserApi.PostUserAPI -->
