<?xml version="1.0" encoding="UTF-8"?>
<!-- Generated by org.testng.reporters.JUnitReportReporter -->
<testsuite hostname="Azariass-MacBook-Pro.local" failures="0" tests="3" name="com.gorest.api.UserApi.GetApi" time="5.400" errors="0" timestamp="05 Aug 2020 17:08:33 GMT" skipped="1">
  <testcase classname="com.gorest.api.UserApi.GetApi" name="testStatusCode" time="3.356"/>
  <testcase classname="com.gorest.api.UserApi.GetApi" name="testResponseData" time="2.044"/>
  <testcase classname="com.gorest.api.UserApi.GetApi" name="testGender">
    <skipped/>
  </testcase> <!-- testGender -->
</testsuite> <!-- com.gorest.api.UserApi.GetApi -->
